[2021-07-19 11:18:31] ::1 GET /reg 304  - 27.380 ms
[2021-07-19 11:18:31] ::1 GET /stylesheets/bootstrap.min.css 304  - 10.662 ms
[2021-07-19 11:18:31] ::1 GET /stylesheets/style.css 304  - 10.701 ms
[2021-07-19 11:18:31] ::1 GET /javascripts/jquery-3.6.0.min.js 304  - 5.929 ms
[2021-07-19 11:18:31] ::1 GET /javascripts/bootstrap.min.js 304  - 5.035 ms
[2021-07-19 11:18:31] ::1 GET /reg 304  - 4.443 ms
[2021-07-19 11:18:31] ::1 GET /stylesheets/bootstrap.min.css 304  - 4.959 ms
[2021-07-19 11:18:31] ::1 GET /stylesheets/style.css 304  - 7.539 ms
[2021-07-19 11:18:31] ::1 GET /javascripts/bootstrap.min.js 304  - 9.644 ms
[2021-07-19 11:18:31] ::1 GET /javascripts/jquery-3.6.0.min.js 304  - 20.193 ms
[2021-07-19 11:19:05] ::1 GET /reg 304  - 36.361 ms
[2021-07-19 11:19:05] ::1 GET /stylesheets/bootstrap.min.css 304  - 8.717 ms
[2021-07-19 11:19:05] ::1 GET /stylesheets/style.css 304  - 9.746 ms
[2021-07-19 11:19:05] ::1 GET /javascripts/jquery-3.6.0.min.js 304  - 8.319 ms
[2021-07-19 11:19:05] ::1 GET /javascripts/bootstrap.min.js 304  - 9.757 ms
[2021-07-19 11:19:06] ::1 GET /reg 304  - 6.592 ms
[2021-07-19 11:19:06] ::1 GET /stylesheets/bootstrap.min.css 304  - 9.484 ms
[2021-07-19 11:19:06] ::1 GET /stylesheets/style.css 304  - 10.797 ms
[2021-07-19 11:19:06] ::1 GET /javascripts/jquery-3.6.0.min.js 304  - 11.028 ms
[2021-07-19 11:19:06] ::1 GET /javascripts/bootstrap.min.js 304  - 4.129 ms
[2021-07-19 11:19:06] ::1 GET /reg 304  - 5.791 ms
[2021-07-19 11:19:06] ::1 GET /stylesheets/bootstrap.min.css 304  - 4.929 ms
[2021-07-19 11:19:06] ::1 GET /stylesheets/style.css 304  - 7.916 ms
[2021-07-19 11:19:06] ::1 GET /javascripts/jquery-3.6.0.min.js 304  - 4.404 ms
[2021-07-19 11:19:06] ::1 GET /javascripts/bootstrap.min.js 304  - 4.940 ms
[2021-07-19 11:19:06] ::1 GET /reg 304  - 3.999 ms
[2021-07-19 11:19:06] ::1 GET /stylesheets/bootstrap.min.css 304  - 3.905 ms
[2021-07-19 11:19:06] ::1 GET /stylesheets/style.css 304  - 7.603 ms
[2021-07-19 11:19:06] ::1 GET /javascripts/jquery-3.6.0.min.js 304  - 5.658 ms
[2021-07-19 11:19:06] ::1 GET /javascripts/bootstrap.min.js 304  - 3.064 ms
[2021-07-19 11:19:06] ::1 GET /reg 304  - 3.833 ms
[2021-07-19 11:19:06] ::1 GET /stylesheets/bootstrap.min.css 304  - 8.862 ms
[2021-07-19 11:19:06] ::1 GET /stylesheets/style.css 304  - 6.337 ms
[2021-07-19 11:19:06] ::1 GET /javascripts/jquery-3.6.0.min.js 304  - 6.129 ms
[2021-07-19 11:19:06] ::1 GET /javascripts/bootstrap.min.js 304  - 3.586 ms
[2021-07-19 11:19:06] ::1 GET /reg 304  - 3.723 ms
[2021-07-19 11:19:06] ::1 GET /stylesheets/bootstrap.min.css 304  - 4.451 ms
[2021-07-19 11:19:06] ::1 GET /stylesheets/style.css 304  - 8.219 ms
[2021-07-19 11:19:06] ::1 GET /javascripts/jquery-3.6.0.min.js 304  - 10.791 ms
[2021-07-19 11:19:06] ::1 GET /javascripts/bootstrap.min.js 304  - 9.738 ms
[2021-07-19 11:19:06] ::1 GET /reg 304  - 3.831 ms
[2021-07-19 11:19:07] ::1 GET /stylesheets/bootstrap.min.css 304  - 3.986 ms
[2021-07-19 11:19:07] ::1 GET /stylesheets/style.css 304  - 6.821 ms
[2021-07-19 11:19:07] ::1 GET /javascripts/jquery-3.6.0.min.js 304  - 5.706 ms
[2021-07-19 11:19:07] ::1 GET /javascripts/bootstrap.min.js 304  - 3.375 ms
[2021-07-19 11:19:07] ::1 GET /reg 304  - 3.812 ms
[2021-07-19 11:19:07] ::1 GET /stylesheets/bootstrap.min.css 304  - 6.087 ms
[2021-07-19 11:19:07] ::1 GET /stylesheets/style.css 304  - 6.215 ms
[2021-07-19 11:19:07] ::1 GET /javascripts/jquery-3.6.0.min.js 304  - 9.613 ms
[2021-07-19 11:19:07] ::1 GET /javascripts/bootstrap.min.js 304  - 9.366 ms
[2021-07-19 11:19:07] ::1 GET /reg 304  - 4.804 ms
[2021-07-19 11:19:07] ::1 GET /stylesheets/bootstrap.min.css 304  - 5.329 ms
[2021-07-19 11:19:07] ::1 GET /stylesheets/style.css 304  - 8.035 ms
[2021-07-19 11:19:07] ::1 GET /javascripts/jquery-3.6.0.min.js 304  - 7.376 ms
[2021-07-19 11:19:07] ::1 GET /javascripts/bootstrap.min.js 304  - 10.089 ms
[2021-07-19 11:19:07] ::1 GET /reg 304  - 4.621 ms
[2021-07-19 11:19:07] ::1 GET /stylesheets/bootstrap.min.css 304  - 5.688 ms
[2021-07-19 11:19:07] ::1 GET /stylesheets/style.css 304  - 5.245 ms
[2021-07-19 11:19:07] ::1 GET /javascripts/jquery-3.6.0.min.js 304  - 4.353 ms
[2021-07-19 11:19:07] ::1 GET /javascripts/bootstrap.min.js 304  - 3.897 ms
[2021-07-19 11:19:07] ::1 GET /reg 304  - 4.145 ms
[2021-07-19 11:19:07] ::1 GET /stylesheets/bootstrap.min.css 304  - 6.089 ms
[2021-07-19 11:19:07] ::1 GET /stylesheets/style.css 304  - 7.646 ms
[2021-07-19 11:19:07] ::1 GET /javascripts/jquery-3.6.0.min.js 304  - 6.525 ms
[2021-07-19 11:19:07] ::1 GET /javascripts/bootstrap.min.js 304  - 5.482 ms
[2021-07-19 11:19:07] ::1 GET /reg 304  - 3.888 ms
[2021-07-19 11:19:07] ::1 GET /stylesheets/bootstrap.min.css 304  - 6.707 ms
[2021-07-19 11:19:07] ::1 GET /stylesheets/style.css 304  - 7.102 ms
[2021-07-19 11:19:07] ::1 GET /javascripts/jquery-3.6.0.min.js 304  - 3.496 ms
[2021-07-19 11:19:07] ::1 GET /javascripts/bootstrap.min.js 304  - 3.356 ms
[2021-07-19 11:19:08] ::1 GET /login 304  - 4.498 ms
[2021-07-19 11:19:09] ::1 GET /stylesheets/bootstrap.min.css 304  - 4.050 ms
[2021-07-19 11:19:09] ::1 GET /stylesheets/style.css 304  - 6.650 ms
[2021-07-19 11:19:09] ::1 GET /javascripts/jquery-3.6.0.min.js 304  - 6.318 ms
[2021-07-19 11:19:09] ::1 GET /javascripts/bootstrap.min.js 304  - 5.629 ms
[2021-07-19 11:19:09] ::1 GET /reg 304  - 5.634 ms
[2021-07-19 11:19:09] ::1 GET /stylesheets/bootstrap.min.css 304  - 4.614 ms
[2021-07-19 11:19:09] ::1 GET /stylesheets/style.css 304  - 7.063 ms
[2021-07-19 11:19:09] ::1 GET /javascripts/jquery-3.6.0.min.js 304  - 4.835 ms
[2021-07-19 11:19:09] ::1 GET /javascripts/bootstrap.min.js 304  - 5.450 ms
[2021-07-19 11:20:10] ::1 GET /reg 304  - 26.989 ms
[2021-07-19 11:20:10] ::1 GET /stylesheets/bootstrap.min.css 304  - 9.433 ms
[2021-07-19 11:20:10] ::1 GET /stylesheets/style.css 304  - 10.957 ms
[2021-07-19 11:20:10] ::1 GET /javascripts/jquery-3.6.0.min.js 304  - 6.851 ms
[2021-07-19 11:20:10] ::1 GET /javascripts/bootstrap.min.js 304  - 9.257 ms
[2021-07-19 11:20:11] ::1 GET /reg 304  - 4.545 ms
[2021-07-19 11:20:11] ::1 GET /stylesheets/bootstrap.min.css 304  - 7.639 ms
[2021-07-19 11:20:11] ::1 GET /stylesheets/style.css 304  - 11.402 ms
[2021-07-19 11:20:11] ::1 GET /javascripts/jquery-3.6.0.min.js 304  - 6.436 ms
[2021-07-19 11:20:11] ::1 GET /javascripts/bootstrap.min.js 304  - 4.954 ms
[2021-07-19 11:21:42] ::1 GET /reg 304  - 29.941 ms
[2021-07-19 11:21:42] ::1 GET /stylesheets/bootstrap.min.css 304  - 8.834 ms
[2021-07-19 11:21:42] ::1 GET /stylesheets/style.css 304  - 9.588 ms
[2021-07-19 11:21:42] ::1 GET /javascripts/bootstrap.min.js 304  - 5.529 ms
[2021-07-19 11:21:42] ::1 GET /javascripts/jquery-3.6.0.min.js 304  - 10.090 ms
[2021-07-19 11:21:44] ::1 GET /login 304  - 9.539 ms
[2021-07-19 11:21:44] ::1 GET /stylesheets/bootstrap.min.css 304  - 10.390 ms
[2021-07-19 11:21:44] ::1 GET /stylesheets/style.css 304  - 11.737 ms
[2021-07-19 11:21:44] ::1 GET /javascripts/jquery-3.6.0.min.js 304  - 7.882 ms
[2021-07-19 11:21:44] ::1 GET /javascripts/bootstrap.min.js 304  - 3.680 ms
[2021-07-19 11:21:47] ::1 POST /login 302 46 - 76.372 ms
[2021-07-19 11:21:47] ::1 GET / 200 9963 - 24.502 ms
[2021-07-19 11:21:47] ::1 GET /stylesheets/bootstrap.min.css 304  - 6.113 ms
[2021-07-19 11:21:47] ::1 GET /stylesheets/style.css 304  - 10.156 ms
[2021-07-19 11:21:47] ::1 GET /javascripts/jquery-3.6.0.min.js 304  - 5.100 ms
[2021-07-19 11:21:47] ::1 GET /javascripts/bootstrap.min.js 304  - 5.221 ms
[2021-07-20 09:45:54] ::1 GET / 200 9851 - 370.140 ms
[2021-07-20 09:45:54] ::1 GET /stylesheets/style.css 200 148 - 15.396 ms
[2021-07-20 09:45:54] ::1 GET /javascripts/bootstrap.min.js 200 63467 - 16.323 ms
[2021-07-20 09:45:54] ::1 GET /javascripts/jquery-3.6.0.min.js 200 89501 - 19.800 ms
[2021-07-20 09:45:54] ::1 GET /stylesheets/bootstrap.min.css 200 161409 - 14.581 ms
[2021-07-20 09:45:55] ::1 GET /favicon.ico 404 2103 - 10.139 ms
[2021-07-20 09:46:04] ::1 GET / 304  - 26.514 ms
[2021-07-20 09:46:04] ::1 GET /stylesheets/bootstrap.min.css 304  - 6.548 ms
[2021-07-20 09:46:04] ::1 GET /stylesheets/style.css 304  - 11.678 ms
[2021-07-20 09:46:04] ::1 GET /javascripts/jquery-3.6.0.min.js 304  - 4.298 ms
[2021-07-20 09:46:04] ::1 GET /javascripts/bootstrap.min.js 304  - 4.321 ms
[2021-07-20 09:46:06] ::1 GET /logout 302 46 - 15.343 ms
[2021-07-20 09:46:06] ::1 GET / 200 10006 - 32.048 ms
[2021-07-20 09:46:06] ::1 GET /stylesheets/bootstrap.min.css 304  - 5.438 ms
[2021-07-20 09:46:06] ::1 GET /stylesheets/style.css 304  - 5.639 ms
[2021-07-20 09:46:06] ::1 GET /javascripts/jquery-3.6.0.min.js 304  - 8.248 ms
[2021-07-20 09:46:06] ::1 GET /javascripts/bootstrap.min.js 304  - 7.586 ms
[2021-07-20 09:46:21] ::1 GET /login 200 2255 - 5.297 ms
[2021-07-20 09:46:21] ::1 GET /stylesheets/bootstrap.min.css 304  - 9.629 ms
[2021-07-20 09:46:21] ::1 GET /stylesheets/style.css 304  - 9.720 ms
[2021-07-20 09:46:21] ::1 GET /javascripts/jquery-3.6.0.min.js 304  - 6.399 ms
[2021-07-20 09:46:21] ::1 GET /javascripts/bootstrap.min.js 304  - 5.560 ms
[2021-07-20 09:46:22] ::1 GET /login 304  - 4.947 ms
[2021-07-20 09:46:22] ::1 GET /stylesheets/bootstrap.min.css 304  - 5.571 ms
[2021-07-20 09:46:22] ::1 GET /stylesheets/style.css 304  - 9.770 ms
[2021-07-20 09:46:22] ::1 GET /javascripts/jquery-3.6.0.min.js 304  - 10.294 ms
[2021-07-20 09:46:22] ::1 GET /javascripts/bootstrap.min.js 304  - 3.587 ms
[2021-07-20 09:46:23] ::1 GET /login 304  - 4.813 ms
[2021-07-20 09:46:23] ::1 GET /stylesheets/bootstrap.min.css 304  - 9.625 ms
[2021-07-20 09:46:23] ::1 GET /stylesheets/style.css 304  - 7.423 ms
[2021-07-20 09:46:23] ::1 GET /javascripts/jquery-3.6.0.min.js 304  - 5.471 ms
[2021-07-20 09:46:23] ::1 GET /javascripts/bootstrap.min.js 304  - 6.037 ms
[2021-07-20 09:46:24] ::1 GET /reg 200 2590 - 6.189 ms
[2021-07-20 09:46:24] ::1 GET /stylesheets/bootstrap.min.css 304  - 5.592 ms
[2021-07-20 09:46:24] ::1 GET /stylesheets/style.css 304  - 9.341 ms
[2021-07-20 09:46:24] ::1 GET /javascripts/jquery-3.6.0.min.js 304  - 6.302 ms
[2021-07-20 09:46:24] ::1 GET /javascripts/bootstrap.min.js 304  - 3.934 ms
[2021-07-20 09:46:25] ::1 GET / 200 9894 - 23.233 ms
[2021-07-20 09:46:25] ::1 GET /stylesheets/bootstrap.min.css 304  - 10.019 ms
[2021-07-20 09:46:25] ::1 GET /stylesheets/style.css 304  - 8.950 ms
[2021-07-20 09:46:25] ::1 GET /javascripts/jquery-3.6.0.min.js 304  - 9.300 ms
[2021-07-20 09:46:25] ::1 GET /javascripts/bootstrap.min.js 304  - 3.127 ms
[2021-07-20 09:46:25] ::1 GET / 304  - 21.829 ms
[2021-07-20 09:46:25] ::1 GET /stylesheets/bootstrap.min.css 304  - 17.103 ms
[2021-07-20 09:46:25] ::1 GET /stylesheets/style.css 304  - 15.346 ms
[2021-07-20 09:46:25] ::1 GET /javascripts/jquery-3.6.0.min.js 304  - 15.087 ms
[2021-07-20 09:46:25] ::1 GET /javascripts/bootstrap.min.js 304  - 11.066 ms
[2021-07-20 09:47:51] ::1 GET / 304  - 88.132 ms
[2021-07-20 09:47:51] ::1 GET /stylesheets/bootstrap.min.css 304  - 6.038 ms
[2021-07-20 09:47:51] ::1 GET /stylesheets/style.css 304  - 10.034 ms
[2021-07-20 09:47:51] ::1 GET /javascripts/jquery-3.6.0.min.js 304  - 14.616 ms
[2021-07-20 09:47:51] ::1 GET /javascripts/bootstrap.min.js 304  - 21.714 ms
[2021-07-20 09:48:10] ::1 GET / 304  - 163.945 ms
[2021-07-20 09:48:10] ::1 GET /stylesheets/bootstrap.min.css 304  - 9.528 ms
[2021-07-20 09:48:10] ::1 GET /stylesheets/style.css 304  - 7.494 ms
[2021-07-20 09:48:10] ::1 GET /javascripts/bootstrap.min.js 304  - 10.565 ms
[2021-07-20 09:48:10] ::1 GET /javascripts/jquery-3.6.0.min.js 304  - 15.138 ms
[2021-07-20 10:16:33] ::1 GET / 200 9894 - 91.504 ms
[2021-07-20 10:16:34] ::1 GET /stylesheets/bootstrap.min.css 304  - 9.507 ms
[2021-07-20 10:16:34] ::1 GET /stylesheets/style.css 304  - 7.882 ms
[2021-07-20 10:16:34] ::1 GET /javascripts/jquery-3.6.0.min.js 304  - 23.937 ms
[2021-07-20 10:16:34] ::1 GET /javascripts/bootstrap.min.js 304  - 17.149 ms
[2021-07-20 10:17:07] ::1 GET / 404 139 - 43.038 ms
[2021-07-20 10:18:43] ::1 GET / 500 2103 - 39.098 ms
[2021-07-20 10:18:44] ::1 GET / 500 2103 - 9.188 ms
[2021-07-20 11:02:44] ::1 GET / 200 9894 - 89.903 ms
[2021-07-20 11:02:44] ::1 GET /stylesheets/bootstrap.min.css 304  - 9.980 ms
[2021-07-20 11:02:44] ::1 GET /stylesheets/style.css 304  - 9.573 ms
[2021-07-20 11:02:44] ::1 GET /javascripts/jquery-3.6.0.min.js 304  - 6.439 ms
[2021-07-20 11:02:44] ::1 GET /javascripts/bootstrap.min.js 304  - 20.625 ms
[2021-07-20 11:02:46] ::1 GET / 304  - 73.908 ms
[2021-07-20 11:02:46] ::1 GET /stylesheets/bootstrap.min.css 304  - 5.205 ms
[2021-07-20 11:02:46] ::1 GET /stylesheets/style.css 304  - 8.110 ms
[2021-07-20 11:02:46] ::1 GET /javascripts/jquery-3.6.0.min.js 304  - 7.286 ms
[2021-07-20 11:02:46] ::1 GET /javascripts/bootstrap.min.js 304  - 7.188 ms
[2021-07-20 11:02:46] ::1 GET / 304  - 23.284 ms
[2021-07-20 11:02:46] ::1 GET /stylesheets/bootstrap.min.css 304  - 5.364 ms
[2021-07-20 11:02:46] ::1 GET /stylesheets/style.css 304  - 6.784 ms
[2021-07-20 11:02:46] ::1 GET /javascripts/jquery-3.6.0.min.js 304  - 5.351 ms
[2021-07-20 11:02:46] ::1 GET /javascripts/bootstrap.min.js 304  - 3.659 ms
[2021-07-20 11:02:47] ::1 GET / 304  - 20.437 ms
[2021-07-20 11:02:47] ::1 GET /stylesheets/bootstrap.min.css 304  - 10.400 ms
[2021-07-20 11:02:47] ::1 GET /stylesheets/style.css 304  - 10.321 ms
[2021-07-20 11:02:47] ::1 GET /javascripts/jquery-3.6.0.min.js 304  - 8.281 ms
[2021-07-20 11:02:47] ::1 GET /javascripts/bootstrap.min.js 304  - 11.294 ms
[2021-07-20 11:02:48] ::1 GET / 304  - 23.724 ms
[2021-07-20 11:02:48] ::1 GET /stylesheets/bootstrap.min.css 304  - 8.995 ms
[2021-07-20 11:02:48] ::1 GET /stylesheets/style.css 304  - 12.878 ms
[2021-07-20 11:02:48] ::1 GET /javascripts/bootstrap.min.js 304  - 10.237 ms
[2021-07-20 11:02:48] ::1 GET /javascripts/jquery-3.6.0.min.js 304  - 13.356 ms
[2021-07-20 11:02:49] ::1 GET / 304  - 21.116 ms
[2021-07-20 11:02:49] ::1 GET /stylesheets/bootstrap.min.css 304  - 8.351 ms
[2021-07-20 11:02:49] ::1 GET /stylesheets/style.css 304  - 9.612 ms
[2021-07-20 11:02:49] ::1 GET /javascripts/jquery-3.6.0.min.js 304  - 4.294 ms
[2021-07-20 11:02:49] ::1 GET /javascripts/bootstrap.min.js 304  - 3.641 ms
[2021-07-20 11:02:50] ::1 GET /login 304  - 7.420 ms
[2021-07-20 11:02:50] ::1 GET /stylesheets/bootstrap.min.css 304  - 5.090 ms
[2021-07-20 11:02:50] ::1 GET /stylesheets/style.css 304  - 8.338 ms
[2021-07-20 11:02:50] ::1 GET /javascripts/bootstrap.min.js 304  - 7.915 ms
[2021-07-20 11:02:50] ::1 GET /javascripts/jquery-3.6.0.min.js 304  - 9.026 ms
[2021-07-20 11:02:50] ::1 GET /reg 304  - 9.227 ms
[2021-07-20 11:02:51] ::1 GET /stylesheets/bootstrap.min.css 304  - 6.896 ms
[2021-07-20 11:02:51] ::1 GET /javascripts/jquery-3.6.0.min.js 304  - 10.249 ms
[2021-07-20 11:02:51] ::1 GET /stylesheets/style.css 304  - 11.616 ms
[2021-07-20 11:02:51] ::1 GET /javascripts/bootstrap.min.js 304  - 6.947 ms
[2021-07-20 11:02:51] ::1 GET / 304  - 30.662 ms
[2021-07-20 11:02:51] ::1 GET /stylesheets/bootstrap.min.css 304  - 10.530 ms
[2021-07-20 11:02:51] ::1 GET /stylesheets/style.css 304  - 10.034 ms
[2021-07-20 11:02:51] ::1 GET /javascripts/jquery-3.6.0.min.js 304  - 4.131 ms
[2021-07-20 11:02:51] ::1 GET /javascripts/bootstrap.min.js 304  - 7.119 ms
[2021-07-20 11:02:52] ::1 GET / 304  - 27.828 ms
[2021-07-20 11:02:52] ::1 GET /stylesheets/bootstrap.min.css 304  - 10.054 ms
[2021-07-20 11:02:52] ::1 GET /stylesheets/style.css 304  - 9.062 ms
[2021-07-20 11:02:52] ::1 GET /javascripts/jquery-3.6.0.min.js 304  - 8.143 ms
[2021-07-20 11:02:52] ::1 GET /javascripts/bootstrap.min.js 304  - 4.479 ms
[2021-07-20 11:02:53] ::1 GET / 304  - 26.758 ms
[2021-07-20 11:02:53] ::1 GET /stylesheets/bootstrap.min.css 304  - 6.227 ms
[2021-07-20 11:02:53] ::1 GET /stylesheets/style.css 304  - 9.788 ms
[2021-07-20 11:02:53] ::1 GET /javascripts/jquery-3.6.0.min.js 304  - 10.854 ms
[2021-07-20 11:02:53] ::1 GET /javascripts/bootstrap.min.js 304  - 10.455 ms
[2021-07-20 11:02:53] ::1 GET / 304  - 28.150 ms
[2021-07-20 11:02:53] ::1 GET /stylesheets/bootstrap.min.css 304  - 7.164 ms
[2021-07-20 11:02:53] ::1 GET /stylesheets/style.css 304  - 6.645 ms
[2021-07-20 11:02:53] ::1 GET /javascripts/jquery-3.6.0.min.js 304  - 6.711 ms
[2021-07-20 11:02:53] ::1 GET /javascripts/bootstrap.min.js 304  - 3.279 ms
[2021-07-20 11:02:53] ::1 GET / 304  - 30.917 ms
[2021-07-20 11:02:54] ::1 GET /stylesheets/bootstrap.min.css 304  - 9.048 ms
[2021-07-20 11:02:54] ::1 GET /stylesheets/style.css 304  - 11.003 ms
[2021-07-20 11:02:54] ::1 GET /javascripts/jquery-3.6.0.min.js 304  - 11.251 ms
[2021-07-20 11:02:54] ::1 GET /javascripts/bootstrap.min.js 304  - 6.087 ms
[2021-07-20 11:02:54] ::1 GET / 304  - 21.376 ms
[2021-07-20 11:02:54] ::1 GET /stylesheets/bootstrap.min.css 304  - 10.624 ms
[2021-07-20 11:02:54] ::1 GET /stylesheets/style.css 304  - 6.267 ms
[2021-07-20 11:02:54] ::1 GET /javascripts/bootstrap.min.js 304  - 5.607 ms
[2021-07-20 11:02:54] ::1 GET /javascripts/jquery-3.6.0.min.js 304  - 6.026 ms
[2021-07-20 11:02:54] ::1 GET / 304  - 24.689 ms
[2021-07-20 11:02:54] ::1 GET /stylesheets/bootstrap.min.css 304  - 9.135 ms
[2021-07-20 11:02:54] ::1 GET /stylesheets/style.css 304  - 8.635 ms
[2021-07-20 11:02:54] ::1 GET /javascripts/jquery-3.6.0.min.js 304  - 3.126 ms
[2021-07-20 11:02:54] ::1 GET /javascripts/bootstrap.min.js 304  - 2.814 ms
[2021-07-20 11:19:30] ::1 GET / 304  - 31.275 ms
[2021-07-20 11:19:30] ::1 GET /stylesheets/bootstrap.min.css 304  - 9.591 ms
[2021-07-20 11:19:30] ::1 GET /stylesheets/style.css 304  - 10.617 ms
[2021-07-20 11:19:30] ::1 GET /javascripts/jquery-3.6.0.min.js 304  - 4.564 ms
[2021-07-20 11:19:30] ::1 GET /javascripts/bootstrap.min.js 304  - 6.715 ms
